{"C:\\Users\\André\\convertmymoney\\lib\\api-bcb.js": {"path":"C:\\Users\\André\\convertmymoney\\lib\\api-bcb.js","statementMap":{"0":{"start":{"line":2,"column":14},"end":{"line":2,"column":30}},"1":{"start":{"line":5,"column":15},"end":{"line":5,"column":228}},"2":{"start":{"line":5,"column":23},"end":{"line":5,"column":228}},"3":{"start":{"line":8,"column":22},"end":{"line":8,"column":43}},"4":{"start":{"line":8,"column":29},"end":{"line":8,"column":43}},"5":{"start":{"line":9,"column":23},"end":{"line":9,"column":60}},"6":{"start":{"line":9,"column":30},"end":{"line":9,"column":60}},"7":{"start":{"line":10,"column":17},"end":{"line":14,"column":1}},"8":{"start":{"line":11,"column":18},"end":{"line":11,"column":28}},"9":{"start":{"line":12,"column":4},"end":{"line":12,"column":79}},"10":{"start":{"line":15,"column":19},"end":{"line":26,"column":1}},"11":{"start":{"line":16,"column":4},"end":{"line":25,"column":5}},"12":{"start":{"line":17,"column":22},"end":{"line":17,"column":32}},"13":{"start":{"line":18,"column":20},"end":{"line":18,"column":33}},"14":{"start":{"line":19,"column":8},"end":{"line":19,"column":26}},"15":{"start":{"line":20,"column":20},"end":{"line":20,"column":44}},"16":{"start":{"line":21,"column":24},"end":{"line":21,"column":43}},"17":{"start":{"line":22,"column":8},"end":{"line":22,"column":22}},"18":{"start":{"line":24,"column":8},"end":{"line":24,"column":17}},"19":{"start":{"line":29,"column":0},"end":{"line":33,"column":1}}},"fnMap":{"0":{"name":"(anonymous_0)","decl":{"start":{"line":5,"column":15},"end":{"line":5,"column":16}},"loc":{"start":{"line":5,"column":23},"end":{"line":5,"column":228}},"line":5},"1":{"name":"(anonymous_1)","decl":{"start":{"line":8,"column":22},"end":{"line":8,"column":23}},"loc":{"start":{"line":8,"column":29},"end":{"line":8,"column":43}},"line":8},"2":{"name":"(anonymous_2)","decl":{"start":{"line":9,"column":23},"end":{"line":9,"column":24}},"loc":{"start":{"line":9,"column":30},"end":{"line":9,"column":60}},"line":9},"3":{"name":"(anonymous_3)","decl":{"start":{"line":10,"column":17},"end":{"line":10,"column":18}},"loc":{"start":{"line":10,"column":23},"end":{"line":14,"column":1}},"line":10},"4":{"name":"(anonymous_4)","decl":{"start":{"line":15,"column":19},"end":{"line":15,"column":20}},"loc":{"start":{"line":15,"column":30},"end":{"line":26,"column":1}},"line":15}},"branchMap":{},"s":{"0":1,"1":1,"2":0,"3":1,"4":1,"5":1,"6":1,"7":1,"8":0,"9":0,"10":1,"11":0,"12":0,"13":0,"14":0,"15":0,"16":0,"17":0,"18":0,"19":1},"f":{"0":0,"1":1,"2":1,"3":0,"4":0},"b":{},"_coverageSchema":"43e27e138ebf9cfc5966b082cf9a028302ed4184","hash":"6a7a2ae0b6d52683df74757dfc40d23de1d892e9"}
,"C:\\Users\\André\\convertmymoney\\lib\\convert.js": {"path":"C:\\Users\\André\\convertmymoney\\lib\\convert.js","statementMap":{"0":{"start":{"line":2,"column":16},"end":{"line":4,"column":1}},"1":{"start":{"line":3,"column":4},"end":{"line":3,"column":31}},"2":{"start":{"line":7,"column":16},"end":{"line":9,"column":1}},"3":{"start":{"line":8,"column":4},"end":{"line":8,"column":39}},"4":{"start":{"line":12,"column":0},"end":{"line":15,"column":2}}},"fnMap":{"0":{"name":"(anonymous_0)","decl":{"start":{"line":2,"column":16},"end":{"line":2,"column":17}},"loc":{"start":{"line":2,"column":41},"end":{"line":4,"column":1}},"line":2},"1":{"name":"(anonymous_1)","decl":{"start":{"line":7,"column":16},"end":{"line":7,"column":17}},"loc":{"start":{"line":7,"column":25},"end":{"line":9,"column":1}},"line":7}},"branchMap":{},"s":{"0":1,"1":2,"2":1,"3":2,"4":1},"f":{"0":2,"1":2},"b":{},"_coverageSchema":"43e27e138ebf9cfc5966b082cf9a028302ed4184","hash":"f4c3299ae3b35f280ff66e5d45336aae05a49328"}
}
